1656650725976	geckodriver	INFO	Listening on 127.0.0.1:55325
1656650726349	mozrunner::runner	INFO	Running command: "/snap/firefox/current/firefox.launcher" "--marionette" "--remote-debugging-port" "44907" "--remote-allow-hosts" "localhost" "-no-remote" "-profile" "/tmp/rust_mozprofileacpSvQ"
Gtk-Message: 01:45:26.531: Failed to load module "canberra-gtk-module"
Gtk-Message: 01:45:26.535: Failed to load module "canberra-gtk-module"
ATTENTION: default value of option mesa_glthread overridden by environment.
ATTENTION: default value of option mesa_glthread overridden by environment.
ATTENTION: default value of option mesa_glthread overridden by environment.
ATTENTION: default value of option mesa_glthread overridden by environment.
1656650727547	Marionette	INFO	Marionette enabled
1656650727555	Marionette	INFO	Listening on port 35545
WebDriver BiDi listening on ws://localhost:44907
Read port: 35545
1656650728273	RemoteAgent	WARN	TLS certificate errors will be ignored for this session
console.warn: SearchSettings: "get: No settings file exists, new profile?" (new NotFoundError("Could not open the file at /tmp/rust_mozprofileacpSvQ/search.json.mozlz4", (void 0)))
Missing chrome or resource URL: resource://gre/modules/UpdateListener.jsm
Missing chrome or resource URL: resource://gre/modules/UpdateListener.sys.mjs
DevTools listening on ws://localhost:44907/devtools/browser/5eeb2d9b-42db-4c65-921d-097054301ce1
JavaScript warning: https://static-exp2.licdn.com/sc/h/5x551rv91h1545imm4yjueanc, line 1: WEBGL_debug_renderer_info is deprecated in Firefox and will be removed. Please use RENDERER.
JavaScript warning: https://static-exp2.licdn.com/sc/h/5x551rv91h1545imm4yjueanc, line 1: WEBGL_debug_renderer_info is deprecated in Firefox and will be removed. Please use RENDERER.
console.warn: LoginRecipes: "getRecipes: falling back to a synchronous message for:" "https://www.linkedin.com"
console.warn: LoginRecipes: "getRecipes: falling back to a synchronous message for:" "https://www.linkedin.com"
JavaScript error: resource://gre/modules/LoginManagerParent.jsm, line 136: TypeError: gRecipeManager is null
JavaScript warning: https://static-exp2.licdn.com/sc/h/ex5uib58nsn3x4gq1niy1d7ot, line 6986: unreachable code after return statement
JavaScript warning: https://static-exp2.licdn.com/sc/h/ex5uib58nsn3x4gq1niy1d7ot, line 18923: unreachable code after return statement
JavaScript warning: https://static-exp2.licdn.com/sc/h/4rs1tbm75wj0iyoh25h5h3c66, line 6: unreachable code after return statement
JavaScript warning: https://static-exp2.licdn.com/sc/h/akhjcop0nfvxqp5utc20l27f9, line 2282: unreachable code after return statement
JavaScript warning: https://static-exp2.licdn.com/sc/h/ex5uib58nsn3x4gq1niy1d7ot, line 18923: unreachable code after return statement
JavaScript warning: https://static-exp2.licdn.com/sc/h/c78k1lmyvaphnteqqrv1f0169, line 6: unreachable code after return statement
JavaScript warning: https://static-exp2.licdn.com/sc/h/9yj8ot6vqxfw6uyonosqw054t, line 39: unreachable code after return statement
JavaScript warning: https://static-exp2.licdn.com/sc/h/iojttpllfc0fb26mtkoj4k8c, line 39: unreachable code after return statement
JavaScript warning: https://static-exp2.licdn.com/sc/h/2kvc5nw0na62pfvl9di9bmtzd, line 39: unreachable code after return statement
JavaScript warning: https://static-exp2.licdn.com/sc/h/6b2vlhrjv8nzbt81x0e8fwkw6, line 6: unreachable code after return statement
JavaScript warning: https://static-exp2.licdn.com/sc/h/ex5uib58nsn3x4gq1niy1d7ot, line 6986: unreachable code after return statement
JavaScript warning: https://static-exp2.licdn.com/sc/h/ex5uib58nsn3x4gq1niy1d7ot, line 18923: unreachable code after return statement
JavaScript warning: https://static-exp2.licdn.com/sc/h/akhjcop0nfvxqp5utc20l27f9, line 2282: unreachable code after return statement
JavaScript warning: https://static-exp2.licdn.com/sc/h/akhjcop0nfvxqp5utc20l27f9, line 2282: unreachable code after return statement
1656650758385	Marionette	WARN	Ignoring event 'DOMContentLoaded' because document has an invalid readyState of 'complete'.
JavaScript warning: https://static-exp2.licdn.com/sc/h/9yj8ot6vqxfw6uyonosqw054t, line 39: unreachable code after return statement
JavaScript warning: https://static-exp2.licdn.com/sc/h/iojttpllfc0fb26mtkoj4k8c, line 39: unreachable code after return statement
JavaScript warning: https://static-exp2.licdn.com/sc/h/4rs1tbm75wj0iyoh25h5h3c66, line 6: unreachable code after return statement
JavaScript warning: https://static-exp2.licdn.com/sc/h/uk386iuo76jzr5toolcjuyr8, line 39: unreachable code after return statement
JavaScript warning: https://static-exp2.licdn.com/sc/h/6b2vlhrjv8nzbt81x0e8fwkw6, line 6: unreachable code after return statement
1656650767441	geckodriver	INFO	Listening on 127.0.0.1:33363
1656650767862	mozrunner::runner	INFO	Running command: "/snap/firefox/current/firefox.launcher" "--marionette" "--remote-debugging-port" "59695" "--remote-allow-hosts" "localhost" "-no-remote" "-profile" "/tmp/rust_mozprofilekNcOFb"
Gtk-Message: 01:46:07.993: Failed to load module "canberra-gtk-module"
Gtk-Message: 01:46:07.996: Failed to load module "canberra-gtk-module"
ATTENTION: default value of option mesa_glthread overridden by environment.
ATTENTION: default value of option mesa_glthread overridden by environment.
ATTENTION: default value of option mesa_glthread overridden by environment.
ATTENTION: default value of option mesa_glthread overridden by environment.
1656650768948	Marionette	INFO	Marionette enabled
1656650768953	Marionette	INFO	Listening on port 44681
WebDriver BiDi listening on ws://localhost:59695
Read port: 44681
1656650769595	RemoteAgent	WARN	TLS certificate errors will be ignored for this session
console.warn: SearchSettings: "get: No settings file exists, new profile?" (new NotFoundError("Could not open the file at /tmp/rust_mozprofilekNcOFb/search.json.mozlz4", (void 0)))
Missing chrome or resource URL: resource://gre/modules/UpdateListener.jsm
Missing chrome or resource URL: resource://gre/modules/UpdateListener.sys.mjs
DevTools listening on ws://localhost:59695/devtools/browser/d43f4ef3-2c6a-446d-9525-833a6ce8b043
JavaScript warning: https://vlibras.gov.br/app2/vlibras-plugin.js, line 81: unreachable code after return statement
Missing chrome or resource URL: resource://gre/modules/UpdateListener.jsm
Missing chrome or resource URL: resource://gre/modules/UpdateListener.sys.mjs
console.error: "Error during quit-application-granted: [Exception... \"File error: Not found\"  nsresult: \"0x80520012 (NS_ERROR_FILE_NOT_FOUND)\"  location: \"JS frame :: resource:///modules/BrowserGlue.jsm :: _onQuitApplicationGranted/tasks< :: line 1996\"  data: no]"
1656650976563	Marionette	INFO	Stopped listening on port 35545
console.warn: TopSitesFeed: Failed to fetch data from Contile server: NetworkError when attempting to fetch resource.
Missing chrome or resource URL: resource://gre/modules/UpdateListener.jsm
Missing chrome or resource URL: resource://gre/modules/UpdateListener.sys.mjs
console.error: "Error during quit-application-granted: [Exception... \"File error: Not found\"  nsresult: \"0x80520012 (NS_ERROR_FILE_NOT_FOUND)\"  location: \"JS frame :: resource:///modules/BrowserGlue.jsm :: _onQuitApplicationGranted/tasks< :: line 1996\"  data: no]"
1656650977726	Marionette	INFO	Stopped listening on port 44681
console.warn: TopSitesFeed: Failed to fetch data from Contile server: NetworkError when attempting to fetch resource.
Sandbox: Unexpected EOF, op 0 flags 00 path /proc/cpuinfo
1656651124001	geckodriver	INFO	Listening on 127.0.0.1:40791
1656651124439	mozrunner::runner	INFO	Running command: "/snap/firefox/current/firefox.launcher" "--marionette" "--remote-debugging-port" "40697" "--remote-allow-hosts" "localhost" "-no-remote" "-profile" "/tmp/rust_mozprofileirDIsa"
Gtk-Message: 01:52:04.607: Failed to load module "canberra-gtk-module"
Gtk-Message: 01:52:04.609: Failed to load module "canberra-gtk-module"
ATTENTION: default value of option mesa_glthread overridden by environment.
ATTENTION: default value of option mesa_glthread overridden by environment.
ATTENTION: default value of option mesa_glthread overridden by environment.
ATTENTION: default value of option mesa_glthread overridden by environment.
1656651125500	Marionette	INFO	Marionette enabled
1656651125506	Marionette	INFO	Listening on port 34441
WebDriver BiDi listening on ws://localhost:40697
Read port: 34441
1656651126129	RemoteAgent	WARN	TLS certificate errors will be ignored for this session
console.warn: SearchSettings: "get: No settings file exists, new profile?" (new NotFoundError("Could not open the file at /tmp/rust_mozprofileirDIsa/search.json.mozlz4", (void 0)))
Missing chrome or resource URL: resource://gre/modules/UpdateListener.jsm
Missing chrome or resource URL: resource://gre/modules/UpdateListener.sys.mjs
DevTools listening on ws://localhost:40697/devtools/browser/b8dbdbbd-e121-45de-b5d0-bd0c78a01fef
JavaScript warning: https://static-exp2.licdn.com/sc/h/5x551rv91h1545imm4yjueanc, line 1: WEBGL_debug_renderer_info is deprecated in Firefox and will be removed. Please use RENDERER.
JavaScript warning: https://static-exp2.licdn.com/sc/h/5x551rv91h1545imm4yjueanc, line 1: WEBGL_debug_renderer_info is deprecated in Firefox and will be removed. Please use RENDERER.
console.warn: LoginRecipes: "getRecipes: falling back to a synchronous message for:" "https://www.linkedin.com"
console.warn: LoginRecipes: "getRecipes: falling back to a synchronous message for:" "https://www.linkedin.com"
JavaScript error: resource://gre/modules/LoginManagerParent.jsm, line 136: TypeError: gRecipeManager is null
JavaScript warning: https://static-exp2.licdn.com/sc/h/ex5uib58nsn3x4gq1niy1d7ot, line 6986: unreachable code after return statement
JavaScript warning: https://static-exp2.licdn.com/sc/h/ex5uib58nsn3x4gq1niy1d7ot, line 18923: unreachable code after return statement
JavaScript warning: https://static-exp2.licdn.com/sc/h/4rs1tbm75wj0iyoh25h5h3c66, line 6: unreachable code after return statement
JavaScript warning: https://static-exp2.licdn.com/sc/h/akhjcop0nfvxqp5utc20l27f9, line 2282: unreachable code after return statement
JavaScript warning: https://static-exp2.licdn.com/sc/h/ex5uib58nsn3x4gq1niy1d7ot, line 18923: unreachable code after return statement
JavaScript warning: https://static-exp2.licdn.com/sc/h/c78k1lmyvaphnteqqrv1f0169, line 6: unreachable code after return statement
JavaScript warning: https://static-exp2.licdn.com/sc/h/9yj8ot6vqxfw6uyonosqw054t, line 39: unreachable code after return statement
JavaScript warning: https://static-exp2.licdn.com/sc/h/iojttpllfc0fb26mtkoj4k8c, line 39: unreachable code after return statement
JavaScript warning: https://static-exp2.licdn.com/sc/h/2kvc5nw0na62pfvl9di9bmtzd, line 39: unreachable code after return statement
JavaScript warning: https://static-exp2.licdn.com/sc/h/6b2vlhrjv8nzbt81x0e8fwkw6, line 6: unreachable code after return statement
JavaScript warning: https://static-exp2.licdn.com/sc/h/ex5uib58nsn3x4gq1niy1d7ot, line 6986: unreachable code after return statement
JavaScript warning: https://static-exp2.licdn.com/sc/h/ex5uib58nsn3x4gq1niy1d7ot, line 18923: unreachable code after return statement
JavaScript warning: https://static-exp2.licdn.com/sc/h/akhjcop0nfvxqp5utc20l27f9, line 2282: unreachable code after return statement
JavaScript warning: https://static-exp2.licdn.com/sc/h/akhjcop0nfvxqp5utc20l27f9, line 2282: unreachable code after return statement
1656651155736	Marionette	WARN	Ignoring event 'DOMContentLoaded' because document has an invalid readyState of 'complete'.
JavaScript warning: https://static-exp2.licdn.com/sc/h/9yj8ot6vqxfw6uyonosqw054t, line 39: unreachable code after return statement
JavaScript warning: https://static-exp2.licdn.com/sc/h/iojttpllfc0fb26mtkoj4k8c, line 39: unreachable code after return statement
JavaScript warning: https://static-exp2.licdn.com/sc/h/4rs1tbm75wj0iyoh25h5h3c66, line 6: unreachable code after return statement
JavaScript warning: https://static-exp2.licdn.com/sc/h/uk386iuo76jzr5toolcjuyr8, line 39: unreachable code after return statement
JavaScript warning: https://static-exp2.licdn.com/sc/h/6b2vlhrjv8nzbt81x0e8fwkw6, line 6: unreachable code after return statement
JavaScript error: https://static-exp2.licdn.com/sc/h/ex5uib58nsn3x4gq1niy1d7ot, line 1277: TypeError: Network request failed
JavaScript error: https://static-exp2.licdn.com/sc/h/ex5uib58nsn3x4gq1niy1d7ot, line 1277: TypeError: Network request failed
JavaScript error: https://static-exp2.licdn.com/sc/h/ex5uib58nsn3x4gq1niy1d7ot, line 1277: TypeError: Network request failed
JavaScript error: https://static-exp2.licdn.com/sc/h/ex5uib58nsn3x4gq1niy1d7ot, line 1277: TypeError: Network request failed
1656651164799	geckodriver	INFO	Listening on 127.0.0.1:43219
1656651165229	mozrunner::runner	INFO	Running command: "/snap/firefox/current/firefox.launcher" "--marionette" "--remote-debugging-port" "49457" "--remote-allow-hosts" "localhost" "-no-remote" "-profile" "/tmp/rust_mozprofilejbH2iq"
Gtk-Message: 01:52:45.364: Failed to load module "canberra-gtk-module"
Gtk-Message: 01:52:45.366: Failed to load module "canberra-gtk-module"
ATTENTION: default value of option mesa_glthread overridden by environment.
ATTENTION: default value of option mesa_glthread overridden by environment.
ATTENTION: default value of option mesa_glthread overridden by environment.
ATTENTION: default value of option mesa_glthread overridden by environment.
1656651166244	Marionette	INFO	Marionette enabled
1656651166249	Marionette	INFO	Listening on port 40527
WebDriver BiDi listening on ws://localhost:49457
Read port: 40527
1656651166968	RemoteAgent	WARN	TLS certificate errors will be ignored for this session
console.warn: SearchSettings: "get: No settings file exists, new profile?" (new NotFoundError("Could not open the file at /tmp/rust_mozprofilejbH2iq/search.json.mozlz4", (void 0)))
Missing chrome or resource URL: resource://gre/modules/UpdateListener.jsm
Missing chrome or resource URL: resource://gre/modules/UpdateListener.sys.mjs
DevTools listening on ws://localhost:49457/devtools/browser/be076e0d-705e-4579-aa00-2c92d5992614
JavaScript warning: https://vlibras.gov.br/app2/vlibras-plugin.js, line 81: unreachable code after return statement
JavaScript warning: https://static-exp2.licdn.com/sc/h/ex5uib58nsn3x4gq1niy1d7ot, line 6986: unreachable code after return statement
JavaScript warning: https://static-exp2.licdn.com/sc/h/ex5uib58nsn3x4gq1niy1d7ot, line 18923: unreachable code after return statement
JavaScript warning: https://static-exp2.licdn.com/sc/h/akhjcop0nfvxqp5utc20l27f9, line 2282: unreachable code after return statement
1656651191452	Marionette	WARN	Ignoring event 'DOMContentLoaded' because document has an invalid readyState of 'complete'.
JavaScript warning: https://static-exp2.licdn.com/sc/h/akhjcop0nfvxqp5utc20l27f9, line 2282: unreachable code after return statement
JavaScript warning: https://static-exp2.licdn.com/sc/h/9yj8ot6vqxfw6uyonosqw054t, line 39: unreachable code after return statement
JavaScript warning: https://static-exp2.licdn.com/sc/h/iojttpllfc0fb26mtkoj4k8c, line 39: unreachable code after return statement
JavaScript warning: https://static-exp2.licdn.com/sc/h/ex5uib58nsn3x4gq1niy1d7ot, line 6986: unreachable code after return statement
JavaScript warning: https://static-exp2.licdn.com/sc/h/ex5uib58nsn3x4gq1niy1d7ot, line 18923: unreachable code after return statement
JavaScript warning: https://static-exp2.licdn.com/sc/h/akhjcop0nfvxqp5utc20l27f9, line 2282: unreachable code after return statement
1656651204155	Marionette	WARN	Ignoring event 'DOMContentLoaded' because document has an invalid readyState of 'complete'.
JavaScript warning: https://static-exp2.licdn.com/sc/h/akhjcop0nfvxqp5utc20l27f9, line 2282: unreachable code after return statement
JavaScript warning: https://static-exp2.licdn.com/sc/h/9yj8ot6vqxfw6uyonosqw054t, line 39: unreachable code after return statement
JavaScript warning: https://static-exp2.licdn.com/sc/h/iojttpllfc0fb26mtkoj4k8c, line 39: unreachable code after return statement
1656651217930	Marionette	WARN	Ignoring event 'DOMContentLoaded' because document has an invalid readyState of 'complete'.
JavaScript warning: https://static-exp2.licdn.com/sc/h/akhjcop0nfvxqp5utc20l27f9, line 2282: unreachable code after return statement
1656651228716	Marionette	WARN	Ignoring event 'DOMContentLoaded' because document has an invalid readyState of 'complete'.
JavaScript warning: https://static-exp2.licdn.com/sc/h/akhjcop0nfvxqp5utc20l27f9, line 2282: unreachable code after return statement
1656651241157	Marionette	WARN	Ignoring event 'DOMContentLoaded' because document has an invalid readyState of 'complete'.
JavaScript warning: https://static-exp2.licdn.com/sc/h/akhjcop0nfvxqp5utc20l27f9, line 2282: unreachable code after return statement
1656651254062	Marionette	WARN	Ignoring event 'DOMContentLoaded' because document has an invalid readyState of 'complete'.
JavaScript warning: https://static-exp2.licdn.com/sc/h/akhjcop0nfvxqp5utc20l27f9, line 2282: unreachable code after return statement
1656651267565	Marionette	WARN	Ignoring event 'DOMContentLoaded' because document has an invalid readyState of 'complete'.
JavaScript warning: https://static-exp2.licdn.com/sc/h/akhjcop0nfvxqp5utc20l27f9, line 2282: unreachable code after return statement
1656651280008	Marionette	WARN	Ignoring event 'DOMContentLoaded' because document has an invalid readyState of 'complete'.
JavaScript warning: https://static-exp2.licdn.com/sc/h/akhjcop0nfvxqp5utc20l27f9, line 2282: unreachable code after return statement
1656651294851	Marionette	WARN	Ignoring event 'DOMContentLoaded' because document has an invalid readyState of 'complete'.
JavaScript warning: https://static-exp2.licdn.com/sc/h/akhjcop0nfvxqp5utc20l27f9, line 2282: unreachable code after return statement
1656651309116	Marionette	WARN	Ignoring event 'DOMContentLoaded' because document has an invalid readyState of 'complete'.
JavaScript warning: https://static-exp2.licdn.com/sc/h/akhjcop0nfvxqp5utc20l27f9, line 2282: unreachable code after return statement
1656651325377	Marionette	WARN	Ignoring event 'DOMContentLoaded' because document has an invalid readyState of 'complete'.
JavaScript warning: https://static-exp2.licdn.com/sc/h/akhjcop0nfvxqp5utc20l27f9, line 2282: unreachable code after return statement
1656651343256	Marionette	WARN	Ignoring event 'DOMContentLoaded' because document has an invalid readyState of 'complete'.
JavaScript warning: https://static-exp2.licdn.com/sc/h/akhjcop0nfvxqp5utc20l27f9, line 2282: unreachable code after return statement
1656651362210	Marionette	WARN	Ignoring event 'DOMContentLoaded' because document has an invalid readyState of 'complete'.
JavaScript warning: https://static-exp2.licdn.com/sc/h/akhjcop0nfvxqp5utc20l27f9, line 2282: unreachable code after return statement
1656651383357	Marionette	WARN	Ignoring event 'DOMContentLoaded' because document has an invalid readyState of 'complete'.
JavaScript warning: https://static-exp2.licdn.com/sc/h/akhjcop0nfvxqp5utc20l27f9, line 2282: unreachable code after return statement
1656651404526	Marionette	WARN	Ignoring event 'DOMContentLoaded' because document has an invalid readyState of 'complete'.
JavaScript warning: https://static-exp2.licdn.com/sc/h/akhjcop0nfvxqp5utc20l27f9, line 2282: unreachable code after return statement
1656651430159	Marionette	WARN	Ignoring event 'DOMContentLoaded' because document has an invalid readyState of 'complete'.
JavaScript warning: https://static-exp2.licdn.com/sc/h/akhjcop0nfvxqp5utc20l27f9, line 2282: unreachable code after return statement
1656651467924	Marionette	WARN	Ignoring event 'DOMContentLoaded' because document has an invalid readyState of 'complete'.
JavaScript warning: https://static-exp2.licdn.com/sc/h/akhjcop0nfvxqp5utc20l27f9, line 2282: unreachable code after return statement
1656651523857	Marionette	WARN	Ignoring event 'DOMContentLoaded' because document has an invalid readyState of 'complete'.
JavaScript warning: https://static-exp2.licdn.com/sc/h/akhjcop0nfvxqp5utc20l27f9, line 2282: unreachable code after return statement
1656651549311	Marionette	WARN	Ignoring event 'DOMContentLoaded' because document has an invalid readyState of 'complete'.
JavaScript warning: https://static-exp2.licdn.com/sc/h/akhjcop0nfvxqp5utc20l27f9, line 2282: unreachable code after return statement
Exiting due to channel error.
Exiting due to channel error.
Exiting due to channel error.
Exiting due to channel error.
Exiting due to channel error.
Exiting due to channel error.
1656651602554	geckodriver	INFO	Listening on 127.0.0.1:39987
1656651604398	mozrunner::runner	INFO	Running command: "/snap/firefox/current/firefox.launcher" "--marionette" "--remote-debugging-port" "33463" "--remote-allow-hosts" "localhost" "-no-remote" "-profile" "/tmp/rust_mozprofilekhjA3i"
Gtk-Message: 02:00:04.963: Failed to load module "canberra-gtk-module"
Gtk-Message: 02:00:04.990: Failed to load module "canberra-gtk-module"
ATTENTION: default value of option mesa_glthread overridden by environment.
ATTENTION: default value of option mesa_glthread overridden by environment.
ATTENTION: default value of option mesa_glthread overridden by environment.
ATTENTION: default value of option mesa_glthread overridden by environment.
1656651610602	Marionette	INFO	Marionette enabled
1656651610615	Marionette	INFO	Listening on port 43025
WebDriver BiDi listening on ws://localhost:33463
Read port: 43025
Read port: 43025
1656651612141	RemoteAgent	WARN	TLS certificate errors will be ignored for this session
console.warn: SearchSettings: "get: No settings file exists, new profile?" (new NotFoundError("Could not open the file at /tmp/rust_mozprofilekhjA3i/search.json.mozlz4", (void 0)))
console.error: Region.jsm: "Error fetching region" (new AbortError("The operation was aborted. ", (void 0), 765))
console.error: Region.jsm: "Failed to fetch region" (new Error("NO_RESULT", "resource://gre/modules/Region.jsm", 419))
Missing chrome or resource URL: resource://gre/modules/UpdateListener.jsm
Missing chrome or resource URL: resource://gre/modules/UpdateListener.sys.mjs
DevTools listening on ws://localhost:33463/devtools/browser/95fab4a8-9541-4dc3-a768-000e032232cb
JavaScript warning: https://static-exp2.licdn.com/sc/h/5x551rv91h1545imm4yjueanc, line 1: WEBGL_debug_renderer_info is deprecated in Firefox and will be removed. Please use RENDERER.
JavaScript warning: https://static-exp2.licdn.com/sc/h/5x551rv91h1545imm4yjueanc, line 1: WEBGL_debug_renderer_info is deprecated in Firefox and will be removed. Please use RENDERER.
console.warn: LoginRecipes: "getRecipes: falling back to a synchronous message for:" "https://www.linkedin.com"
console.warn: LoginRecipes: "getRecipes: falling back to a synchronous message for:" "https://www.linkedin.com"
JavaScript error: resource://gre/modules/LoginManagerParent.jsm, line 136: TypeError: gRecipeManager is null
JavaScript warning: https://static-exp2.licdn.com/sc/h/ex5uib58nsn3x4gq1niy1d7ot, line 6986: unreachable code after return statement
JavaScript warning: https://static-exp2.licdn.com/sc/h/ex5uib58nsn3x4gq1niy1d7ot, line 18923: unreachable code after return statement
JavaScript warning: https://static-exp2.licdn.com/sc/h/4rs1tbm75wj0iyoh25h5h3c66, line 6: unreachable code after return statement
JavaScript warning: https://static-exp2.licdn.com/sc/h/akhjcop0nfvxqp5utc20l27f9, line 2282: unreachable code after return statement
JavaScript warning: https://static-exp2.licdn.com/sc/h/ex5uib58nsn3x4gq1niy1d7ot, line 18923: unreachable code after return statement
JavaScript warning: https://static-exp2.licdn.com/sc/h/c78k1lmyvaphnteqqrv1f0169, line 6: unreachable code after return statement
JavaScript warning: https://static-exp2.licdn.com/sc/h/9yj8ot6vqxfw6uyonosqw054t, line 39: unreachable code after return statement
JavaScript warning: https://static-exp2.licdn.com/sc/h/iojttpllfc0fb26mtkoj4k8c, line 39: unreachable code after return statement
JavaScript warning: https://static-exp2.licdn.com/sc/h/2kvc5nw0na62pfvl9di9bmtzd, line 39: unreachable code after return statement
JavaScript warning: https://static-exp2.licdn.com/sc/h/6b2vlhrjv8nzbt81x0e8fwkw6, line 6: unreachable code after return statement
JavaScript warning: https://static-exp2.licdn.com/sc/h/ex5uib58nsn3x4gq1niy1d7ot, line 6986: unreachable code after return statement
JavaScript warning: https://static-exp2.licdn.com/sc/h/ex5uib58nsn3x4gq1niy1d7ot, line 18923: unreachable code after return statement
JavaScript warning: https://static-exp2.licdn.com/sc/h/akhjcop0nfvxqp5utc20l27f9, line 2282: unreachable code after return statement
JavaScript warning: https://static-exp2.licdn.com/sc/h/akhjcop0nfvxqp5utc20l27f9, line 2282: unreachable code after return statement
1656651656350	Marionette	WARN	Ignoring event 'DOMContentLoaded' because document has an invalid readyState of 'complete'.
JavaScript warning: https://static-exp2.licdn.com/sc/h/9yj8ot6vqxfw6uyonosqw054t, line 39: unreachable code after return statement
JavaScript warning: https://static-exp2.licdn.com/sc/h/iojttpllfc0fb26mtkoj4k8c, line 39: unreachable code after return statement
JavaScript warning: https://static-exp2.licdn.com/sc/h/4rs1tbm75wj0iyoh25h5h3c66, line 6: unreachable code after return statement
JavaScript warning: https://static-exp2.licdn.com/sc/h/uk386iuo76jzr5toolcjuyr8, line 39: unreachable code after return statement
JavaScript warning: https://static-exp2.licdn.com/sc/h/6b2vlhrjv8nzbt81x0e8fwkw6, line 6: unreachable code after return statement
1656651665362	geckodriver	INFO	Listening on 127.0.0.1:51889
1656651665734	mozrunner::runner	INFO	Running command: "/snap/firefox/current/firefox.launcher" "--marionette" "--remote-debugging-port" "52611" "--remote-allow-hosts" "localhost" "-no-remote" "-profile" "/tmp/rust_mozprofileYygfDH"
Gtk-Message: 02:01:05.892: Failed to load module "canberra-gtk-module"
Gtk-Message: 02:01:05.895: Failed to load module "canberra-gtk-module"
ATTENTION: default value of option mesa_glthread overridden by environment.
ATTENTION: default value of option mesa_glthread overridden by environment.
ATTENTION: default value of option mesa_glthread overridden by environment.
ATTENTION: default value of option mesa_glthread overridden by environment.
1656651666986	Marionette	INFO	Marionette enabled
1656651666992	Marionette	INFO	Listening on port 39799
WebDriver BiDi listening on ws://localhost:52611
Read port: 39799
1656651667649	RemoteAgent	WARN	TLS certificate errors will be ignored for this session
console.warn: SearchSettings: "get: No settings file exists, new profile?" (new NotFoundError("Could not open the file at /tmp/rust_mozprofileYygfDH/search.json.mozlz4", (void 0)))
Missing chrome or resource URL: resource://gre/modules/UpdateListener.jsm
Missing chrome or resource URL: resource://gre/modules/UpdateListener.sys.mjs
DevTools listening on ws://localhost:52611/devtools/browser/c6108349-4177-4bee-8624-afff52a23754
JavaScript warning: https://vlibras.gov.br/app2/vlibras-plugin.js, line 81: unreachable code after return statement
JavaScript warning: https://static-exp2.licdn.com/sc/h/ex5uib58nsn3x4gq1niy1d7ot, line 6986: unreachable code after return statement
JavaScript warning: https://static-exp2.licdn.com/sc/h/ex5uib58nsn3x4gq1niy1d7ot, line 18923: unreachable code after return statement
JavaScript warning: https://static-exp2.licdn.com/sc/h/akhjcop0nfvxqp5utc20l27f9, line 2282: unreachable code after return statement
JavaScript warning: https://static-exp2.licdn.com/sc/h/akhjcop0nfvxqp5utc20l27f9, line 2282: unreachable code after return statement
1656651690946	Marionette	WARN	Ignoring event 'DOMContentLoaded' because document has an invalid readyState of 'complete'.
JavaScript warning: https://static-exp2.licdn.com/sc/h/9yj8ot6vqxfw6uyonosqw054t, line 39: unreachable code after return statement
JavaScript warning: https://static-exp2.licdn.com/sc/h/iojttpllfc0fb26mtkoj4k8c, line 39: unreachable code after return statement
JavaScript warning: https://static-exp2.licdn.com/sc/h/ex5uib58nsn3x4gq1niy1d7ot, line 6986: unreachable code after return statement
JavaScript warning: https://static-exp2.licdn.com/sc/h/ex5uib58nsn3x4gq1niy1d7ot, line 18923: unreachable code after return statement
JavaScript warning: https://static-exp2.licdn.com/sc/h/akhjcop0nfvxqp5utc20l27f9, line 2282: unreachable code after return statement
JavaScript warning: https://static-exp2.licdn.com/sc/h/akhjcop0nfvxqp5utc20l27f9, line 2282: unreachable code after return statement
JavaScript warning: https://static-exp2.licdn.com/sc/h/9yj8ot6vqxfw6uyonosqw054t, line 39: unreachable code after return statement
JavaScript warning: https://static-exp2.licdn.com/sc/h/iojttpllfc0fb26mtkoj4k8c, line 39: unreachable code after return statement
JavaScript warning: https://static-exp2.licdn.com/sc/h/akhjcop0nfvxqp5utc20l27f9, line 2282: unreachable code after return statement
1656651716832	Marionette	WARN	Ignoring event 'DOMContentLoaded' because document has an invalid readyState of 'complete'.
JavaScript warning: https://static-exp2.licdn.com/sc/h/akhjcop0nfvxqp5utc20l27f9, line 2282: unreachable code after return statement
1656651726942	Marionette	WARN	Ignoring event 'DOMContentLoaded' because document has an invalid readyState of 'complete'.
JavaScript warning: https://static-exp2.licdn.com/sc/h/akhjcop0nfvxqp5utc20l27f9, line 2282: unreachable code after return statement
1656651738805	Marionette	WARN	Ignoring event 'DOMContentLoaded' because document has an invalid readyState of 'complete'.
JavaScript warning: https://static-exp2.licdn.com/sc/h/akhjcop0nfvxqp5utc20l27f9, line 2282: unreachable code after return statement
1656651750986	Marionette	WARN	Ignoring event 'DOMContentLoaded' because document has an invalid readyState of 'complete'.
JavaScript warning: https://static-exp2.licdn.com/sc/h/akhjcop0nfvxqp5utc20l27f9, line 2282: unreachable code after return statement
1656651764065	Marionette	WARN	Ignoring event 'DOMContentLoaded' because document has an invalid readyState of 'complete'.
JavaScript warning: https://static-exp2.licdn.com/sc/h/akhjcop0nfvxqp5utc20l27f9, line 2282: unreachable code after return statement
1656651775920	Marionette	WARN	Ignoring event 'DOMContentLoaded' because document has an invalid readyState of 'complete'.
JavaScript warning: https://static-exp2.licdn.com/sc/h/akhjcop0nfvxqp5utc20l27f9, line 2282: unreachable code after return statement
1656651791853	Marionette	WARN	Ignoring event 'DOMContentLoaded' because document has an invalid readyState of 'complete'.
JavaScript warning: https://static-exp2.licdn.com/sc/h/akhjcop0nfvxqp5utc20l27f9, line 2282: unreachable code after return statement
1656651807309	Marionette	WARN	Ignoring event 'DOMContentLoaded' because document has an invalid readyState of 'complete'.
JavaScript warning: https://static-exp2.licdn.com/sc/h/akhjcop0nfvxqp5utc20l27f9, line 2282: unreachable code after return statement
1656651823036	Marionette	WARN	Ignoring event 'DOMContentLoaded' because document has an invalid readyState of 'complete'.
JavaScript warning: https://static-exp2.licdn.com/sc/h/akhjcop0nfvxqp5utc20l27f9, line 2282: unreachable code after return statement
1656651839279	Marionette	WARN	Ignoring event 'DOMContentLoaded' because document has an invalid readyState of 'complete'.
JavaScript warning: https://static-exp2.licdn.com/sc/h/akhjcop0nfvxqp5utc20l27f9, line 2282: unreachable code after return statement
JavaScript warning: https://static-exp2.licdn.com/sc/h/akhjcop0nfvxqp5utc20l27f9, line 2282: unreachable code after return statement
1656651872729	Marionette	WARN	Ignoring event 'DOMContentLoaded' because document has an invalid readyState of 'complete'.
JavaScript warning: https://static-exp2.licdn.com/sc/h/akhjcop0nfvxqp5utc20l27f9, line 2282: unreachable code after return statement
1656651889010	Marionette	WARN	Ignoring event 'DOMContentLoaded' because document has an invalid readyState of 'complete'.
JavaScript warning: https://static-exp2.licdn.com/sc/h/akhjcop0nfvxqp5utc20l27f9, line 2282: unreachable code after return statement
1656651908236	Marionette	WARN	Ignoring event 'DOMContentLoaded' because document has an invalid readyState of 'complete'.
JavaScript warning: https://static-exp2.licdn.com/sc/h/akhjcop0nfvxqp5utc20l27f9, line 2282: unreachable code after return statement
1656651926347	Marionette	WARN	Ignoring event 'DOMContentLoaded' because document has an invalid readyState of 'complete'.
console.error: services.settings: 
  main/doh-config Signature failed  InvalidSignatureError: Invalid content signature (main/doh-config)
console.error: services.settings: 
  main/doh-config local data was corrupted
console.warn: services.settings: main/doh-config Signature verified failed. Retry from scratch
console.error: services.settings: 
  main/public-suffix-list Signature failed  InvalidSignatureError: Invalid content signature (main/public-suffix-list)
console.error: services.settings: 
  main/public-suffix-list local data was corrupted
console.warn: services.settings: main/public-suffix-list Signature verified failed. Retry from scratch
console.error: services.settings: 
  main/public-suffix-list Signature failed again InvalidSignatureError: Invalid content signature (main/public-suffix-list)
console.error: services.settings: 
  Message: InvalidSignatureError: Invalid content signature (main/public-suffix-list)
  Stack:
    InvalidSignatureError@resource://services-settings/RemoteSettingsClient.jsm:120:5
_validateCollectionSignature@resource://services-settings/RemoteSettingsClient.jsm:857:13

console.error: services.settings: 
  main/pioneer-study-addons-v1 Signature failed  InvalidSignatureError: Invalid content signature (main/pioneer-study-addons-v1)
console.error: services.settings: 
  main/pioneer-study-addons-v1 local data was corrupted
console.warn: services.settings: main/pioneer-study-addons-v1 Signature verified failed. Retry from scratch
console.error: services.settings: 
  main/pioneer-study-addons-v1 Signature failed again InvalidSignatureError: Invalid content signature (main/pioneer-study-addons-v1)
console.error: services.settings: 
  Message: InvalidSignatureError: Invalid content signature (main/pioneer-study-addons-v1)
  Stack:
    InvalidSignatureError@resource://services-settings/RemoteSettingsClient.jsm:120:5
_validateCollectionSignature@resource://services-settings/RemoteSettingsClient.jsm:857:13

console.error: services.settings: 
  main/doh-providers Signature failed  InvalidSignatureError: Invalid content signature (main/doh-providers)
console.error: services.settings: 
  main/doh-providers local data was corrupted
console.warn: services.settings: main/doh-providers Signature verified failed. Retry from scratch
console.error: services.settings: 
  main/addons-manager-settings Signature failed  InvalidSignatureError: Invalid content signature (main/addons-manager-settings)
console.error: services.settings: 
  main/addons-manager-settings local data was corrupted
console.warn: services.settings: main/addons-manager-settings Signature verified failed. Retry from scratch
console.error: services.settings: 
  main/addons-manager-settings Signature failed again InvalidSignatureError: Invalid content signature (main/addons-manager-settings)
console.error: services.settings: 
  Message: InvalidSignatureError: Invalid content signature (main/addons-manager-settings)
  Stack:
    InvalidSignatureError@resource://services-settings/RemoteSettingsClient.jsm:120:5
_validateCollectionSignature@resource://services-settings/RemoteSettingsClient.jsm:857:13

JavaScript warning: https://static-exp2.licdn.com/sc/h/akhjcop0nfvxqp5utc20l27f9, line 2282: unreachable code after return statement
1656651948200	Marionette	WARN	Ignoring event 'DOMContentLoaded' because document has an invalid readyState of 'complete'.
JavaScript warning: https://static-exp2.licdn.com/sc/h/akhjcop0nfvxqp5utc20l27f9, line 2282: unreachable code after return statement
1656651976965	Marionette	WARN	Ignoring event 'DOMContentLoaded' because document has an invalid readyState of 'complete'.
JavaScript warning: https://static-exp2.licdn.com/sc/h/akhjcop0nfvxqp5utc20l27f9, line 2282: unreachable code after return statement
JavaScript warning: https://static-exp2.licdn.com/sc/h/akhjcop0nfvxqp5utc20l27f9, line 2282: unreachable code after return statement
1656652017390	Marionette	WARN	Ignoring event 'DOMContentLoaded' because document has an invalid readyState of 'complete'.
JavaScript warning: https://static-exp2.licdn.com/sc/h/akhjcop0nfvxqp5utc20l27f9, line 2282: unreachable code after return statement
1656652043834	Marionette	WARN	Ignoring event 'DOMContentLoaded' because document has an invalid readyState of 'complete'.
JavaScript warning: https://static-exp2.licdn.com/sc/h/akhjcop0nfvxqp5utc20l27f9, line 2282: unreachable code after return statement
1656652070137	Marionette	WARN	Ignoring event 'DOMContentLoaded' because document has an invalid readyState of 'complete'.
JavaScript warning: https://static-exp2.licdn.com/sc/h/akhjcop0nfvxqp5utc20l27f9, line 2282: unreachable code after return statement
1656652114663	Marionette	INFO	Stopped listening on port 39799
Missing chrome or resource URL: resource://gre/modules/UpdateListener.jsm
Missing chrome or resource URL: resource://gre/modules/UpdateListener.sys.mjs
console.error: "Error during quit-application-granted: [Exception... \"File error: Not found\"  nsresult: \"0x80520012 (NS_ERROR_FILE_NOT_FOUND)\"  location: \"JS frame :: resource:///modules/BrowserGlue.jsm :: _onQuitApplicationGranted/tasks< :: line 1996\"  data: no]"
1656652119726	Marionette	INFO	Stopped listening on port 43025
WARNING: At least one completion condition is taking too long to complete. Conditions: [{"name":"SessionStore: flushing all windows","state":{"total":1,"current":0},"filename":"resource:///modules/sessionstore/SessionStore.jsm","lineNumber":2111,"stack":["resource:///modules/sessionstore/SessionStore.jsm:ssi_onQuitApplicationGranted:2111","resource:///modules/sessionstore/SessionStore.jsm:ssi_observe:1023","chrome://remote/content/marionette/driver.js:GeckoDriver.prototype.quit:2727","chrome://remote/content/marionette/server.js:despatch:306","chrome://remote/content/marionette/server.js:execute:279","chrome://remote/content/marionette/server.js:onPacket/<:252","chrome://remote/content/marionette/server.js:onPacket:253","chrome://remote/content/marionette/transport.js:_onJSONObjectReady/<:500"]}] Barrier: quit-application-granted
Missing chrome or resource URL: resource://gre/modules/UpdateListener.jsm
Missing chrome or resource URL: resource://gre/modules/UpdateListener.sys.mjs
console.error: "Error during quit-application-granted: [Exception... \"File error: Not found\"  nsresult: \"0x80520012 (NS_ERROR_FILE_NOT_FOUND)\"  location: \"JS frame :: resource:///modules/BrowserGlue.jsm :: _onQuitApplicationGranted/tasks< :: line 1996\"  data: no]"
